<?xml version="1.0" encoding="UTF-8"?>
<!-- Generated by org.testng.reporters.JUnitXMLReporter -->
<testsuite ignored="0" hostname="NSHAIKH-L1-3528" failures="0" tests="8" name="Framework2" time="0.032" errors="0" timestamp="2024-12-13T12:24:45 IST">
  <testcase classname="testNG.New3" name="LearnBasic" time="0.003"/>
  <testcase classname="testNG.New3" name="LearnBasic" time="0.002"/>
  <testcase classname="testNG.New3" name="LearnBasic" time="0.001"/>
  <testcase classname="testNG.New3" name="LearnJava" time="0.001"/>
  <testcase classname="testNG.New3" name="LearnOOPS" time="0.001"/>
  <testcase classname="testNG.New3" name="Learning" time="0.003"/>
  <testcase classname="testNG.New3" name="LearningSelenium" time="0.001"/>
  <testcase classname="testNG.New3" name="LoginDetails" time="0.003"/>
</testsuite> <!-- Framework2 -->
