<?xml version="1.0" encoding="UTF-8"?>
<!-- Generated by org.testng.reporters.JUnitXMLReporter -->
<testsuite ignored="2" hostname="NSHAIKH-L1-3528" failures="0" tests="5" name="Framework1" time="0.07" errors="0" timestamp="2024-12-12T17:41:15 IST">
  <testcase classname="testNG.New1" name="AnotherDemo" time="0.008"/>
  <testcase classname="testNG.New1" name="Demo" time="0.002"/>
  <testcase classname="testNG.New2" name="Demo" time="0.003"/>
  <testcase classname="testNG.New2" name="annot" time="0.001"/>
  <testcase classname="testNG.New4" name="LearnAPI" time="0.002"/>
  <testcase classname="testNG.New4" name="LearnAppium" time="0.0">
    <ignored/>
  </testcase> <!-- LearnAppium -->
  <testcase classname="testNG.New4" name="LearnDB" time="0.0">
    <ignored/>
  </testcase> <!-- LearnDB -->
</testsuite> <!-- Framework1 -->
