<?xml version="1.0" encoding="UTF-8"?>
<testng-results ignored="2" total="15" passed="13" failed="0" skipped="0">
  <reporter-output>
  </reporter-output>
  <suite started-at="2024-12-12T17:41:15 IST" name="Practice" finished-at="2024-12-12T17:41:15 IST" duration-ms="168">
    <groups>
      <group name="smoke">
        <method signature="New1.Demo()[pri:0, instance:testNG.New1@79924b]" name="Demo" class="testNG.New1"/>
        <method signature="New2.annot()[pri:0, instance:testNG.New2@1aa7ecca]" name="annot" class="testNG.New2"/>
        <method signature="New3.LearnJava()[pri:0, instance:testNG.New3@4c371370]" name="LearnJava" class="testNG.New3"/>
      </group> <!-- smoke -->
    </groups>
    <test started-at="2024-12-12T17:41:15 IST" name="Framework1" finished-at="2024-12-12T17:41:15 IST" duration-ms="70">
      <class name="testNG.New1">
        <test-method is-config="true" signature="BfMethod()[pri:0, instance:testNG.New1@79924b]" started-at="2024-12-12T17:41:15 IST" name="BfMethod" finished-at="2024-12-12T17:41:15 IST" duration-ms="1" status="PASS">
          <reporter-output>
          </reporter-output>
        </test-method> <!-- BfMethod -->
        <test-method signature="AnotherDemo()[pri:0, instance:testNG.New1@79924b]" started-at="2024-12-12T17:41:15 IST" name="AnotherDemo" finished-at="2024-12-12T17:41:15 IST" duration-ms="8" status="PASS">
          <reporter-output>
          </reporter-output>
        </test-method> <!-- AnotherDemo -->
        <test-method is-config="true" signature="AfMethod()[pri:0, instance:testNG.New1@79924b]" started-at="2024-12-12T17:41:15 IST" name="AfMethod" finished-at="2024-12-12T17:41:15 IST" duration-ms="0" status="PASS">
          <reporter-output>
          </reporter-output>
        </test-method> <!-- AfMethod -->
        <test-method is-config="true" signature="BfMethod()[pri:0, instance:testNG.New1@79924b]" started-at="2024-12-12T17:41:15 IST" name="BfMethod" finished-at="2024-12-12T17:41:15 IST" duration-ms="1" status="PASS">
          <reporter-output>
          </reporter-output>
        </test-method> <!-- BfMethod -->
        <test-method signature="Demo()[pri:0, instance:testNG.New1@79924b]" started-at="2024-12-12T17:41:15 IST" name="Demo" finished-at="2024-12-12T17:41:15 IST" duration-ms="2" status="PASS">
          <reporter-output>
          </reporter-output>
        </test-method> <!-- Demo -->
        <test-method is-config="true" signature="AfMethod()[pri:0, instance:testNG.New1@79924b]" started-at="2024-12-12T17:41:15 IST" name="AfMethod" finished-at="2024-12-12T17:41:15 IST" duration-ms="0" status="PASS">
          <reporter-output>
          </reporter-output>
        </test-method> <!-- AfMethod -->
        <test-method is-config="true" signature="Check()[pri:0, instance:testNG.New1@79924b]" started-at="2024-12-12T17:41:15 IST" name="Check" finished-at="2024-12-12T17:41:15 IST" duration-ms="1" status="PASS">
          <reporter-output>
          </reporter-output>
        </test-method> <!-- Check -->
      </class> <!-- testNG.New1 -->
      <class name="testNG.New2">
        <test-method signature="Demo(java.lang.String)[pri:0, instance:testNG.New2@1aa7ecca]" started-at="2024-12-12T17:41:15 IST" name="Demo" finished-at="2024-12-12T17:41:15 IST" duration-ms="3" status="PASS">
          <params>
            <param index="0">
              <value>
                <![CDATA[https://test-iam.clopay.com/login]]>
              </value>
            </param>
          </params>
          <reporter-output>
          </reporter-output>
        </test-method> <!-- Demo -->
        <test-method signature="annot()[pri:0, instance:testNG.New2@1aa7ecca]" started-at="2024-12-12T17:41:15 IST" name="annot" finished-at="2024-12-12T17:41:15 IST" duration-ms="1" status="PASS">
          <reporter-output>
          </reporter-output>
        </test-method> <!-- annot -->
      </class> <!-- testNG.New2 -->
      <class name="testNG.New4">
        <test-method is-config="true" signature="preReq()[pri:0, instance:testNG.New4@59309333]" started-at="2024-12-12T17:41:15 IST" name="preReq" finished-at="2024-12-12T17:41:15 IST" duration-ms="0" status="PASS">
          <reporter-output>
          </reporter-output>
        </test-method> <!-- preReq -->
        <test-method signature="LearnAPI()[pri:0, instance:testNG.New4@59309333]" started-at="2024-12-12T17:41:15 IST" name="LearnAPI" finished-at="2024-12-12T17:41:15 IST" duration-ms="2" status="PASS">
          <reporter-output>
          </reporter-output>
        </test-method> <!-- LearnAPI -->
      </class> <!-- testNG.New4 -->
    </test> <!-- Framework1 -->
    <test started-at="2024-12-12T17:41:15 IST" name="Framework2" finished-at="2024-12-12T17:41:15 IST" duration-ms="19">
      <class name="testNG.New1">
        <test-method is-config="true" signature="afSuite()[pri:0, instance:testNG.New1@79924b]" started-at="2024-12-12T17:41:15 IST" name="afSuite" finished-at="2024-12-12T17:41:15 IST" duration-ms="0" status="PASS">
          <reporter-output>
          </reporter-output>
        </test-method> <!-- afSuite -->
      </class> <!-- testNG.New1 -->
      <class name="testNG.New3">
        <test-method is-config="true" signature="bfSuite()[pri:0, instance:testNG.New3@4c371370]" started-at="2024-12-12T17:41:15 IST" name="bfSuite" finished-at="2024-12-12T17:41:15 IST" duration-ms="8" status="PASS">
          <reporter-output>
          </reporter-output>
        </test-method> <!-- bfSuite -->
        <test-method signature="LearnBasic(java.lang.String,java.lang.String)[pri:0, instance:testNG.New3@4c371370]" started-at="2024-12-12T17:41:15 IST" name="LearnBasic" data-provider="testData" finished-at="2024-12-12T17:41:15 IST" duration-ms="4" status="PASS">
          <params>
            <param index="0">
              <value>
                <![CDATA[firstusername]]>
              </value>
            </param>
            <param index="1">
              <value>
                <![CDATA[firstpassword]]>
              </value>
            </param>
          </params>
          <reporter-output>
          </reporter-output>
        </test-method> <!-- LearnBasic -->
        <test-method signature="LearnBasic(java.lang.String,java.lang.String)[pri:0, instance:testNG.New3@4c371370]" started-at="2024-12-12T17:41:15 IST" name="LearnBasic" data-provider="testData" finished-at="2024-12-12T17:41:15 IST" duration-ms="1" status="PASS">
          <params>
            <param index="0">
              <value>
                <![CDATA[secondusername]]>
              </value>
            </param>
            <param index="1">
              <value>
                <![CDATA[secondpassword]]>
              </value>
            </param>
          </params>
          <reporter-output>
          </reporter-output>
        </test-method> <!-- LearnBasic -->
        <test-method signature="LearnBasic(java.lang.String,java.lang.String)[pri:0, instance:testNG.New3@4c371370]" started-at="2024-12-12T17:41:15 IST" name="LearnBasic" data-provider="testData" finished-at="2024-12-12T17:41:15 IST" duration-ms="1" status="PASS">
          <params>
            <param index="0">
              <value>
                <![CDATA[thirdusername]]>
              </value>
            </param>
            <param index="1">
              <value>
                <![CDATA[thirdpassword]]>
              </value>
            </param>
          </params>
          <reporter-output>
          </reporter-output>
        </test-method> <!-- LearnBasic -->
        <test-method signature="LearnJava()[pri:0, instance:testNG.New3@4c371370]" started-at="2024-12-12T17:41:15 IST" name="LearnJava" finished-at="2024-12-12T17:41:15 IST" duration-ms="1" status="PASS">
          <reporter-output>
          </reporter-output>
        </test-method> <!-- LearnJava -->
        <test-method signature="LearnOOPS(java.lang.String)[pri:0, instance:testNG.New3@4c371370]" started-at="2024-12-12T17:41:15 IST" name="LearnOOPS" finished-at="2024-12-12T17:41:15 IST" duration-ms="0" status="PASS">
          <params>
            <param index="0">
              <value>
                <![CDATA[https://test-mydoor3.clopay.com/residential/quotes]]>
              </value>
            </param>
          </params>
          <reporter-output>
          </reporter-output>
        </test-method> <!-- LearnOOPS -->
        <test-method signature="Learning()[pri:0, instance:testNG.New3@4c371370]" started-at="2024-12-12T17:41:15 IST" name="Learning" finished-at="2024-12-12T17:41:15 IST" duration-ms="1" status="PASS">
          <reporter-output>
          </reporter-output>
        </test-method> <!-- Learning -->
        <test-method signature="LearningSelenium()[pri:0, instance:testNG.New3@4c371370]" started-at="2024-12-12T17:41:15 IST" name="LearningSelenium" finished-at="2024-12-12T17:41:15 IST" duration-ms="1" status="PASS">
          <reporter-output>
          </reporter-output>
        </test-method> <!-- LearningSelenium -->
        <test-method signature="LoginDetails(java.lang.String,java.lang.String)[pri:0, instance:testNG.New3@4c371370]" started-at="2024-12-12T17:41:15 IST" name="LoginDetails" finished-at="2024-12-12T17:41:15 IST" duration-ms="0" status="PASS">
          <params>
            <param index="0">
              <value>
                <![CDATA[https://test-mydoor3.clopay.com/residential/quotes]]>
              </value>
            </param>
            <param index="1">
              <value>
                <![CDATA[123456]]>
              </value>
            </param>
          </params>
          <reporter-output>
          </reporter-output>
        </test-method> <!-- LoginDetails -->
      </class> <!-- testNG.New3 -->
    </test> <!-- Framework2 -->
  </suite> <!-- Practice -->
</testng-results>
